#
# There is insufficient memory for the Java Runtime Environment to continue.
# Native memory allocation (mmap) failed to map 266338304 bytes. Error detail: G1 virtual space
# Possible reasons:
#   The system is out of physical RAM or swap space
#   This process is running with CompressedOops enabled, and the Java Heap may be blocking the growth of the native heap
# Possible solutions:
#   Reduce memory load on the system
#   Increase physical memory or swap space
#   Check if swap backing store is full
#   Decrease Java heap size (-Xmx/-Xms)
#   Decrease number of Java threads
#   Decrease Java thread stack sizes (-Xss)
#   Set larger code cache with -XX:ReservedCodeCacheSize=
#   JVM is running with Zero Based Compressed Oops mode in which the Java heap is
#     placed in the first 32GB address space. The Java Heap base address is the
#     maximum limit for the native heap growth. Please use -XX:HeapBaseMinAddress
#     to set the Java Heap base and to place the Java Heap above 32GB virtual address.
# This output file may be truncated or incomplete.
#
#  Out of Memory Error (os_windows.cpp:3631), pid=3420, tid=26048
#
# JRE version:  (22.0.1+8) (build )
# Java VM: Java HotSpot(TM) 64-Bit Server VM (22.0.1+8-16, mixed mode, sharing, tiered, compressed oops, compressed class ptrs, g1 gc, windows-amd64)
# No core dump will be written. Minidumps are not enabled by default on client versions of Windows
#

---------------  S U M M A R Y ------------

Command Line: -Dfile.encoding=UTF-8 -Dstdout.encoding=UTF-8 -Dstderr.encoding=UTF-8 -XX:+ShowCodeDetailsInExceptionMessages Bank.Management.System.Signup3

Host: 11th Gen Intel(R) Core(TM) i5-1135G7 @ 2.40GHz, 8 cores, 15G,  Windows 11 , 64 bit Build 22621 (10.0.22621.3958)
Time: Thu Aug  8 15:19:39 2024 India Standard Time elapsed time: 0.016350 seconds (0d 0h 0m 0s)

---------------  T H R E A D  ---------------

Current thread (0x00000148586c9840):  JavaThread "Unknown thread" [_thread_in_vm, id=26048, stack(0x00000002e8d00000,0x00000002e8e00000) (1024K)]

Stack: [0x00000002e8d00000,0x00000002e8e00000]
Native frames: (J=compiled Java code, j=interpreted, Vv=VM code, C=native code)
V  [jvm.dll+0x6e2279]  (no source info available)
V  [jvm.dll+0x874e33]  (no source info available)
V  [jvm.dll+0x87725e]  (no source info available)
V  [jvm.dll+0x877933]  (no source info available)
V  [jvm.dll+0x27fd76]  (no source info available)
V  [jvm.dll+0x6de915]  (no source info available)
V  [jvm.dll+0x6d341a]  (no source info available)
V  [jvm.dll+0x3589da]  (no source info available)
V  [jvm.dll+0x360f06]  (no source info available)
V  [jvm.dll+0x3b3e2e]  (no source info available)
V  [jvm.dll+0x3b40d8]  (no source info available)
V  [jvm.dll+0x32c59c]  (no source info available)
V  [jvm.dll+0x32d158]  (no source info available)
V  [jvm.dll+0x83ccdc]  (no source info available)
V  [jvm.dll+0x3c0d71]  (no source info available)
V  [jvm.dll+0x825ccc]  (no source info available)
V  [jvm.dll+0x45b8fe]  (no source info available)
V  [jvm.dll+0x45d781]  (no source info available)
C  [jli.dll+0x52a3]  (no source info available)
C  [ucrtbase.dll+0x29333]  (no source info available)
C  [KERNEL32.DLL+0x1257d]  (no source info available)
C  [ntdll.dll+0x5af28]  (no source info available)


---------------  P R O C E S S  ---------------

Threads class SMR info:
_java_thread_list=0x00007ffa66a1b1c8, length=0, elements={
}

Java Threads: ( => current thread )
Total: 0

Other Threads:
  0x0000014858733250 WorkerThread "GC Thread#0"                     [id=8088, stack(0x00000002e8e00000,0x00000002e8f00000) (1024K)]
  0x0000014858744de0 ConcurrentGCThread "G1 Main Marker"            [id=10648, stack(0x00000002e8f00000,0x00000002e9000000) (1024K)]
  0x0000014858746140 WorkerThread "G1 Conc#0"                       [id=29416, stack(0x00000002e9000000,0x00000002e9100000) (1024K)]

[error occurred during error reporting (printing all threads), id 0xc0000005, EXCEPTION_ACCESS_VIOLATION (0xc0000005) at pc=0x00007ffa6616f367]
VM state: not at safepoint (not fully initialized)

VM Mutex/Monitor currently owned by a thread:  ([mutex/lock_event])
[0x00007ffa66a9bcb8] Heap_lock - owner thread: 0x00000148586c9840

Heap address: 0x0000000703600000, size: 4042 MB, Compressed Oops mode: Zero based, Oop shift amount: 3

CDS archive(s) mapped at: [0x0000000000000000-0x0000000000000000-0x0000000000000000), size 0, SharedBaseAddress: 0x0000000800000000, ArchiveRelocationMode: 1.
Narrow klass base: 0x0000000000000000, Narrow klass shift: 0, Narrow klass range: 0x0

GC Precious Log:
 CardTable entry size: 512
 Card Set container configuration: InlinePtr #cards 4 size 8 Array Of Cards #cards 16 size 48 Howl #buckets 8 coarsen threshold 3686 Howl Bitmap #cards 512 size 80 coarsen threshold 460 Card regions per heap region 1 cards per card region 4096

Heap:
 garbage-first heap   total reserved 4139008K, committed 0K, used 0K [0x0000000703600000, 0x0000000800000000)
  region size 2048K, 0 young (0K), 0 survivors (0K)

[error occurred during error reporting (printing heap information), id 0xc0000005, EXCEPTION_ACCESS_VIOLATION (0xc0000005) at pc=0x00007ffa6656e429]
GC Heap History (0 events):
No events

Dll operation events (1 events):
Event: 0.007 Loaded shared library C:\Program Files\Java\jdk-22\bin\java.dll

Deoptimization events (0 events):
No events

Classes loaded (0 events):
No events

Classes unloaded (0 events):
No events

Classes redefined (0 events):
No events

Internal exceptions (0 events):
No events

ZGC Phase Switch (0 events):
No events

VM Operations (0 events):
No events

Events (0 events):
No events


Dynamic libraries:
0x00007ff64c2b0000 - 0x00007ff64c2c0000 	C:\Program Files\Java\jdk-22\bin\javaw.exe
0x00007ffb2fa30000 - 0x00007ffb2fc47000 	C:\WINDOWS\SYSTEM32\ntdll.dll
0x00007ffb2eb20000 - 0x00007ffb2ebe4000 	C:\WINDOWS\System32\KERNEL32.DLL
0x00007ffb2ce20000 - 0x00007ffb2d1cd000 	C:\WINDOWS\System32\KERNELBASE.dll
0x00007ffb2d240000 - 0x00007ffb2d351000 	C:\WINDOWS\System32\ucrtbase.dll
0x00007ffadb6f0000 - 0x00007ffadb70b000 	C:\Program Files\Java\jdk-22\bin\VCRUNTIME140.dll
0x00007ffad5f90000 - 0x00007ffad5fa7000 	C:\Program Files\Java\jdk-22\bin\jli.dll
0x00007ffb2f710000 - 0x00007ffb2f7c2000 	C:\WINDOWS\System32\ADVAPI32.dll
0x00007ffb2f660000 - 0x00007ffb2f707000 	C:\WINDOWS\System32\msvcrt.dll
0x00007ffb2f260000 - 0x00007ffb2f309000 	C:\WINDOWS\System32\sechost.dll
0x00007ffb2d610000 - 0x00007ffb2d638000 	C:\WINDOWS\System32\bcrypt.dll
0x00007ffb2d890000 - 0x00007ffb2d9a4000 	C:\WINDOWS\System32\RPCRT4.dll
0x00007ffb2f4b0000 - 0x00007ffb2f65e000 	C:\WINDOWS\System32\USER32.dll
0x00007ffb2cd50000 - 0x00007ffb2cd76000 	C:\WINDOWS\System32\win32u.dll
0x00007ffb2bf40000 - 0x00007ffb2c1d3000 	C:\WINDOWS\WinSxS\amd64_microsoft.windows.common-controls_6595b64144ccf1df_6.0.22621.3672_none_2713b9d173822955\COMCTL32.dll
0x00007ffb2e510000 - 0x00007ffb2e539000 	C:\WINDOWS\System32\GDI32.dll
0x00007ffb2d640000 - 0x00007ffb2d759000 	C:\WINDOWS\System32\gdi32full.dll
0x00007ffb2cd80000 - 0x00007ffb2ce1a000 	C:\WINDOWS\System32\msvcp_win.dll
0x00007ffb2b060000 - 0x00007ffb2b06a000 	C:\WINDOWS\SYSTEM32\VERSION.dll
0x00007ffb2dc60000 - 0x00007ffb2dc91000 	C:\WINDOWS\System32\IMM32.DLL
0x00007ffaf1600000 - 0x00007ffaf160c000 	C:\Program Files\Java\jdk-22\bin\vcruntime140_1.dll
0x00007ffac2e30000 - 0x00007ffac2ebe000 	C:\Program Files\Java\jdk-22\bin\msvcp140.dll
0x00007ffa65e30000 - 0x00007ffa66b77000 	C:\Program Files\Java\jdk-22\bin\server\jvm.dll
0x00007ffb2f1e0000 - 0x00007ffb2f251000 	C:\WINDOWS\System32\WS2_32.dll
0x00007ffb2c650000 - 0x00007ffb2c69d000 	C:\WINDOWS\SYSTEM32\POWRPROF.dll
0x00007ffb24ac0000 - 0x00007ffb24af4000 	C:\WINDOWS\SYSTEM32\WINMM.dll
0x00007ffb2c340000 - 0x00007ffb2c353000 	C:\WINDOWS\SYSTEM32\UMPDC.dll
0x00007ffb2ae20000 - 0x00007ffb2ae38000 	C:\WINDOWS\SYSTEM32\kernel.appcore.dll
0x00007ffaefd30000 - 0x00007ffaefd3a000 	C:\Program Files\Java\jdk-22\bin\jimage.dll
0x00007ffb2c790000 - 0x00007ffb2c9c2000 	C:\WINDOWS\SYSTEM32\DBGHELP.DLL
0x00007ffb2ec70000 - 0x00007ffb2effd000 	C:\WINDOWS\System32\combase.dll
0x00007ffb2db70000 - 0x00007ffb2dc47000 	C:\WINDOWS\System32\OLEAUT32.dll
0x00007ffb2c540000 - 0x00007ffb2c572000 	C:\WINDOWS\SYSTEM32\dbgcore.DLL
0x00007ffb2d360000 - 0x00007ffb2d3db000 	C:\WINDOWS\System32\bcryptPrimitives.dll
0x00007ffad5700000 - 0x00007ffad571e000 	C:\Program Files\Java\jdk-22\bin\java.dll
0x00007ffb2dca0000 - 0x00007ffb2e507000 	C:\WINDOWS\System32\SHELL32.dll
0x00007ffb2d9b0000 - 0x00007ffb2db55000 	C:\WINDOWS\System32\ole32.dll

dbghelp: loaded successfully - version: 4.0.5 - missing functions: none
symbol engine: initialized successfully - sym options: 0x614 - pdb path: .;C:\Program Files\Java\jdk-22\bin;C:\WINDOWS\SYSTEM32;C:\WINDOWS\WinSxS\amd64_microsoft.windows.common-controls_6595b64144ccf1df_6.0.22621.3672_none_2713b9d173822955;C:\Program Files\Java\jdk-22\bin\server

VM Arguments:
jvm_args: -Dfile.encoding=UTF-8 -Dstdout.encoding=UTF-8 -Dstderr.encoding=UTF-8 -XX:+ShowCodeDetailsInExceptionMessages 
java_command: Bank.Management.System.Signup3
java_class_path (initial): C:\Users\LENOVO\eclipse-workspace\Bank Management\bin;C:\Users\LENOVO\Dropbox\PC\Downloads\jcalendar-tz-1.3.3-4.jar;D:\mysql-connector-j-8.0.33\mysql-connector-j-8.0.33\mysql-connector-j-8.0.33.jar
Launcher Type: SUN_STANDARD

[Global flags]
     intx CICompilerCount                          = 4                                         {product} {ergonomic}
     uint ConcGCThreads                            = 2                                         {product} {ergonomic}
     uint G1ConcRefinementThreads                  = 8                                         {product} {ergonomic}
   size_t G1HeapRegionSize                         = 2097152                                   {product} {ergonomic}
   size_t InitialHeapSize                          = 266338304                                 {product} {ergonomic}
   size_t MarkStackSize                            = 4194304                                   {product} {ergonomic}
   size_t MaxHeapSize                              = 4238344192                                {product} {ergonomic}
   size_t MinHeapDeltaBytes                        = 2097152                                   {product} {ergonomic}
   size_t MinHeapSize                              = 8388608                                   {product} {ergonomic}
    uintx NonNMethodCodeHeapSize                   = 5839372                                {pd product} {ergonomic}
    uintx NonProfiledCodeHeapSize                  = 122909434                              {pd product} {ergonomic}
    uintx ProfiledCodeHeapSize                     = 122909434                              {pd product} {ergonomic}
    uintx ReservedCodeCacheSize                    = 251658240                              {pd product} {ergonomic}
     bool SegmentedCodeCache                       = true                                      {product} {ergonomic}
     bool ShowCodeDetailsInExceptionMessages       = true                                   {manageable} {command line}
   size_t SoftMaxHeapSize                          = 4238344192                             {manageable} {ergonomic}
     bool UseCompressedOops                        = true                           {product lp64_product} {ergonomic}
     bool UseG1GC                                  = true                                      {product} {ergonomic}
     bool UseLargePagesIndividualAllocation        = false                                  {pd product} {ergonomic}

Logging:
Log output configuration:
 #0: stdout all=warning uptime,level,tags foldmultilines=false
 #1: stderr all=off uptime,level,tags foldmultilines=false

Environment Variables:
PATH=C:\Program Files\Common Files\Oracle\Java\javapath;C:\Program Files (x86)\Common Files\Intel\Shared Libraries\redist\intel64\compiler;C:\WINDOWS\system32;C:\WINDOWS;C:\WINDOWS\System32\Wbem;C:\WINDOWS\System32\WindowsPowerShell\v1.0\;C:\WINDOWS\System32\OpenSSH\;C:\Program Files\dotnet\;C:\Program Files\Git\cmd;C:\Program Files\nodejs\;C:\ProgramData\chocolatey\bin;C:\Program Files\Java\jdk-22\bin;C:\Users\LENOVO\AppData\Local\Programs\Python\Python312\Scripts\;C:\Users\LENOVO\AppData\Local\Programs\Python\Python312\;C:\Program Files\MySQL\MySQL Shell 8.0\bin\;C:\Users\LENOVO\AppData\Local\Microsoft\WindowsApps;C:\Users\LENOVO\AppData\Local\Programs\Microsoft VS Code\bin;C:\Program Files\JetBrains\PyCharm 2022.3.3\bin;;C:\Program Files\JetBrains\PyCharm Community Edition 2022.3.3\bin;;C:\ProgramData\LENOVO\GitHubDesktop\bin;C:\Users\LENOVO\AppData\Roaming\npm;C:\Program Files\Java\jdk-22\bin;
USERNAME=LENOVO
OS=Windows_NT
PROCESSOR_IDENTIFIER=Intel64 Family 6 Model 140 Stepping 1, GenuineIntel
TMP=C:\Users\LENOVO\AppData\Local\Temp
TEMP=C:\Users\LENOVO\AppData\Local\Temp




Periodic native trim disabled

---------------  S Y S T E M  ---------------

OS:
 Windows 11 , 64 bit Build 22621 (10.0.22621.3958)
OS uptime: 3 days 22:12 hours
Hyper-V role detected

CPU: total 8 (initial active 8) (4 cores per cpu, 2 threads per core) family 6 model 140 stepping 1 microcode 0xb6, cx8, cmov, fxsr, ht, mmx, 3dnowpref, sse, sse2, sse3, ssse3, sse4.1, sse4.2, popcnt, lzcnt, tsc, tscinvbit, avx, avx2, aes, erms, clmul, bmi1, bmi2, adx, avx512f, avx512dq, avx512cd, avx512bw, avx512vl, sha, fma, vzeroupper, avx512_vpopcntdq, avx512_vpclmulqdq, avx512_vaes, avx512_vnni, clflush, clflushopt, clwb, avx512_vbmi2, avx512_vbmi, hv, rdtscp, rdpid, fsrm, gfni, avx512_bitalg, f16c, cet_ibt, cet_ss, avx512_ifma
Processor Information for all 8 processors :
  Max Mhz: 2419, Current Mhz: 2419, Mhz Limit: 2419

Memory: 4k page, system-wide physical 16167M (4096M free)
TotalPageFile size 40489M (AvailPageFile size 129M)
current process WorkingSet (physical memory assigned to process): 12M, peak: 12M
current process commit charge ("private bytes"): 60M, peak: 314M

vm_info: Java HotSpot(TM) 64-Bit Server VM (22.0.1+8-16) for windows-amd64 JRE (22.0.1+8-16), built on 2024-03-12T10:33:16Z by "mach5one" with MS VC++ 17.6 (VS2022)

END.
